<?xml version="1.0" encoding="UTF-8"?>
<!-- Generated by org.testng.reporters.JUnitReportReporter -->
<testsuite hostname="RFL294.local" failures="0" tests="1" name="Testcases.PostRequest" time="1.944" errors="0" timestamp="2022-12-07T18:04:01 IST" skipped="0">
  <testcase classname="Testcases.PostRequest" name="testCase" time="1.944"/>
  <system-out/>
</testsuite> <!-- Testcases.PostRequest -->
